# JRE version: OpenJDK Runtime Environment Temurin-17.0.3+7 (17.0.3+7) (build 17.0.3+7)
# Java VM: OpenJDK 64-Bit Server VM Temurin-17.0.3+7 (17.0.3+7, mixed mode, emulated-client, tiered, compressed oops, compressed class ptrs, g1 gc, windows-amd64)
GC Precious Log:
 CPUs: 8 total, 8 available
 Memory: 8013M
 Large Page Support: Disabled
 NUMA Support: Disabled
 Compressed Oops: Enabled (32-bit)
 Heap Region Size: 1M
 Heap Min Capacity: 8M
 Heap Initial Capacity: 126M
 Heap Max Capacity: 2004M
 Pre-touch: Disabled
 Parallel Workers: 8
 Concurrent Workers: 2
 Concurrent Refinement Workers: 8
 Periodic GC: Disabled
Heap:
 garbage-first heap   total 63488K, used 26232K [0x0000000082c00000, 0x0000000100000000)
  region size 1024K, 5 young (5120K), 2 survivors (2048K)
 Metaspace       used 41687K, committed 42112K, reserved 1089536K
  class space    used 5325K, committed 5504K, reserved 1048576K
GC Heap History (20 events):
Event: 749.288 GC heap before
{Heap before GC invocations=69 (full 23):
 garbage-first heap   total 63488K, used 49687K [0x0000000082c00000, 0x0000000100000000)
  region size 1024K, 27 young (27648K), 2 survivors (2048K)
 Metaspace       used 41573K, committed 41984K, reserved 1089536K
  class space    used 5308K, committed 5504K, reserved 1048576K
}
Event: 749.290 GC heap after
{Heap after GC invocations=70 (full 23):
 garbage-first heap   total 63488K, used 24548K [0x0000000082c00000, 0x0000000100000000)
  region size 1024K, 3 young (3072K), 3 survivors (3072K)
 Metaspace       used 41573K, committed 41984K, reserved 1089536K
  class space    used 5308K, committed 5504K, reserved 1048576K
}
Event: 777.605 GC heap before
{Heap before GC invocations=70 (full 23):
 garbage-first heap   total 63488K, used 48100K [0x0000000082c00000, 0x0000000100000000)
  region size 1024K, 26 young (26624K), 3 survivors (3072K)
 Metaspace       used 41573K, committed 41984K, reserved 1089536K
  class space    used 5308K, committed 5504K, reserved 1048576K
}
Event: 777.607 GC heap after
{Heap after GC invocations=71 (full 23):
 garbage-first heap   total 63488K, used 24464K [0x0000000082c00000, 0x0000000100000000)
  region size 1024K, 2 young (2048K), 2 survivors (2048K)
 Metaspace       used 41573K, committed 41984K, reserved 1089536K
  class space    used 5308K, committed 5504K, reserved 1048576K
}
Event: 788.077 GC heap before
{Heap before GC invocations=71 (full 23):
 garbage-first heap   total 63488K, used 48016K [0x0000000082c00000, 0x0000000100000000)
  region size 1024K, 26 young (26624K), 2 survivors (2048K)
 Metaspace       used 41577K, committed 41984K, reserved 1089536K
  class space    used 5308K, committed 5504K, reserved 1048576K
}
Event: 788.079 GC heap after
{Heap after GC invocations=72 (full 23):
 garbage-first heap   total 63488K, used 24447K [0x0000000082c00000, 0x0000000100000000)
  region size 1024K, 2 young (2048K), 2 survivors (2048K)
 Metaspace       used 41577K, committed 41984K, reserved 1089536K
  class space    used 5308K, committed 5504K, reserved 1048576K
}
Event: 790.895 GC heap before
{Heap before GC invocations=72 (full 23):
 garbage-first heap   total 63488K, used 49023K [0x0000000082c00000, 0x0000000100000000)
  region size 1024K, 27 young (27648K), 2 survivors (2048K)
 Metaspace       used 41592K, committed 41984K, reserved 1089536K
  class space    used 5311K, committed 5504K, reserved 1048576K
}
Event: 790.897 GC heap after
{Heap after GC invocations=73 (full 23):
 garbage-first heap   total 63488K, used 24512K [0x0000000082c00000, 0x0000000100000000)
  region size 1024K, 2 young (2048K), 2 survivors (2048K)
 Metaspace       used 41592K, committed 41984K, reserved 1089536K
  class space    used 5311K, committed 5504K, reserved 1048576K
}
Event: 794.143 GC heap before
{Heap before GC invocations=73 (full 23):
 garbage-first heap   total 63488K, used 50112K [0x0000000082c00000, 0x0000000100000000)
  region size 1024K, 27 young (27648K), 2 survivors (2048K)
 Metaspace       used 41596K, committed 41984K, reserved 1089536K
  class space    used 5311K, committed 5504K, reserved 1048576K
}
Event: 794.145 GC heap after
{Heap after GC invocations=74 (full 23):
 garbage-first heap   total 63488K, used 24355K [0x0000000082c00000, 0x0000000100000000)
  region size 1024K, 2 young (2048K), 2 survivors (2048K)
 Metaspace       used 41596K, committed 41984K, reserved 1089536K
  class space    used 5311K, committed 5504K, reserved 1048576K
}
Event: 794.645 GC heap before
{Heap before GC invocations=74 (full 23):
 garbage-first heap   total 63488K, used 49955K [0x0000000082c00000, 0x0000000100000000)
  region size 1024K, 27 young (27648K), 2 survivors (2048K)
 Metaspace       used 41596K, committed 41984K, reserved 1089536K
  class space    used 5311K, committed 5504K, reserved 1048576K
}
Event: 794.647 GC heap after
{Heap after GC invocations=75 (full 23):
 garbage-first heap   total 63488K, used 24518K [0x0000000082c00000, 0x0000000100000000)
  region size 1024K, 2 young (2048K), 2 survivors (2048K)
 Metaspace       used 41596K, committed 41984K, reserved 1089536K
  class space    used 5311K, committed 5504K, reserved 1048576K
}
Event: 858.038 GC heap before
{Heap before GC invocations=75 (full 23):
 garbage-first heap   total 63488K, used 50118K [0x0000000082c00000, 0x0000000100000000)
  region size 1024K, 28 young (28672K), 2 survivors (2048K)
 Metaspace       used 41680K, committed 42112K, reserved 1089536K
  class space    used 5325K, committed 5504K, reserved 1048576K
}
Event: 858.041 GC heap after
{Heap after GC invocations=76 (full 23):
 garbage-first heap   total 63488K, used 24247K [0x0000000082c00000, 0x0000000100000000)
  region size 1024K, 2 young (2048K), 2 survivors (2048K)
 Metaspace       used 41680K, committed 42112K, reserved 1089536K
  class space    used 5325K, committed 5504K, reserved 1048576K
}
Event: 879.887 GC heap before
{Heap before GC invocations=76 (full 23):
 garbage-first heap   total 63488K, used 49847K [0x0000000082c00000, 0x0000000100000000)
  region size 1024K, 27 young (27648K), 2 survivors (2048K)
 Metaspace       used 41680K, committed 42112K, reserved 1089536K
  class space    used 5325K, committed 5504K, reserved 1048576K
}
Event: 879.889 GC heap after
{Heap after GC invocations=77 (full 23):
 garbage-first heap   total 63488K, used 24169K [0x0000000082c00000, 0x0000000100000000)
  region size 1024K, 2 young (2048K), 2 survivors (2048K)
 Metaspace       used 41680K, committed 42112K, reserved 1089536K
  class space    used 5325K, committed 5504K, reserved 1048576K
}
Event: 884.023 GC heap before
{Heap before GC invocations=77 (full 23):
 garbage-first heap   total 63488K, used 49769K [0x0000000082c00000, 0x0000000100000000)
  region size 1024K, 27 young (27648K), 2 survivors (2048K)
 Metaspace       used 41680K, committed 42112K, reserved 1089536K
  class space    used 5325K, committed 5504K, reserved 1048576K
}
Event: 884.025 GC heap after
{Heap after GC invocations=78 (full 23):
 garbage-first heap   total 63488K, used 24005K [0x0000000082c00000, 0x0000000100000000)
  region size 1024K, 2 young (2048K), 2 survivors (2048K)
 Metaspace       used 41680K, committed 42112K, reserved 1089536K
  class space    used 5325K, committed 5504K, reserved 1048576K
}
Event: 885.443 GC heap before
{Heap before GC invocations=78 (full 23):
 garbage-first heap   total 63488K, used 49605K [0x0000000082c00000, 0x0000000100000000)
  region size 1024K, 27 young (27648K), 2 survivors (2048K)
 Metaspace       used 41680K, committed 42112K, reserved 1089536K
  class space    used 5325K, committed 5504K, reserved 1048576K
}
Event: 885.444 GC heap after
{Heap after GC invocations=79 (full 23):
 garbage-first heap   total 63488K, used 24184K [0x0000000082c00000, 0x0000000100000000)
  region size 1024K, 2 young (2048K), 2 survivors (2048K)
 Metaspace       used 41680K, committed 42112K, reserved 1089536K
  class space    used 5325K, committed 5504K, reserved 1048576K
}

